<?xml version="1.0" encoding="UTF-8"?>
<!-- Generated by org.testng.reporters.JUnitXMLReporter -->
<testsuite ignored="0" hostname="PHANTOM-" failures="0" tests="3" name="Test" time="101.53" errors="0" timestamp="2024-03-02T12:45:51 IST">
  <testcase classname="com.parikrama.test.SigninTest" name="loginParikrama" time="17.653"/>
  <testcase classname="com.parikrama.test.ReportPageTest" name="companyreportParikrama" time="40.883"/>
  <testcase classname="com.parikrama.test.AdminPageTest" name="adminDetailsParikrama" time="42.938"/>
</testsuite> <!-- Test -->
